{
  "stats": {
    "suites": 12,
    "tests": 41,
    "passes": 25,
    "pending": 0,
    "failures": 16,
    "start": "2021-11-01T02:00:02.702Z",
    "end": "2021-11-01T02:01:30.769Z",
    "duration": 88067,
    "testsRegistered": 41,
    "passPercent": 60.97560975609756,
    "pendingPercent": 0,
    "other": 0,
    "hasOther": false,
    "skipped": 0,
    "hasSkipped": false
  },
  "results": [
    {
      "uuid": "a54e4ebf-fd67-438f-8b6c-0bde6482e25d",
      "title": "",
      "fullFile": "cypress/integration/project.spec.js",
      "file": "cypress/integration/project.spec.js",
      "beforeHooks": [],
      "afterHooks": [],
      "tests": [],
      "suites": [
        {
          "uuid": "6ef31edd-66b0-435d-b8a2-faf910f15e42",
          "title": "1 - Adicione à página o título \"Paleta de Cores\".",
          "fullFile": "",
          "file": "",
          "beforeHooks": [],
          "afterHooks": [],
          "tests": [
            {
              "title": "Verifica se contém um elemento `h1` com o id `title` com o título correto",
              "fullTitle": "1 - Adicione à página o título \"Paleta de Cores\". Verifica se contém um elemento `h1` com o id `title` com o título correto",
              "timedOut": null,
              "duration": 200,
              "state": "passed",
              "speed": "slow",
              "pass": true,
              "fail": false,
              "pending": false,
              "context": null,
              "code": "cy.get('h1#title').should('contain.text', 'Paleta de Cores');",
              "err": {},
              "uuid": "78b5bae4-0490-4b1e-bf3a-c2fb383c5b32",
              "parentUUID": "6ef31edd-66b0-435d-b8a2-faf910f15e42",
              "isHook": false,
              "skipped": false
            }
          ],
          "suites": [],
          "passes": [
            "78b5bae4-0490-4b1e-bf3a-c2fb383c5b32"
          ],
          "failures": [],
          "pending": [],
          "skipped": [],
          "duration": 200,
          "root": false,
          "rootEmpty": false,
          "_timeout": 2000
        },
        {
          "uuid": "e9a48797-ec01-4fbd-a438-4f9f46929ba7",
          "title": "2 - Adicione à página uma paleta de quatro cores distintas.",
          "fullFile": "",
          "file": "",
          "beforeHooks": [],
          "afterHooks": [],
          "tests": [
            {
              "title": "A paleta de cores deve ser um elemento com `id` denominado `color-palette`",
              "fullTitle": "2 - Adicione à página uma paleta de quatro cores distintas. A paleta de cores deve ser um elemento com `id` denominado `color-palette`",
              "timedOut": null,
              "duration": 139,
              "state": "passed",
              "speed": "slow",
              "pass": true,
              "fail": false,
              "pending": false,
              "context": null,
              "code": "cy.get('#color-palette').should('be.visible');\ncy.get('#color-palette').children('.color');",
              "err": {},
              "uuid": "d12fc01a-17bb-492f-9ebb-d51cd72c9a5c",
              "parentUUID": "e9a48797-ec01-4fbd-a438-4f9f46929ba7",
              "isHook": false,
              "skipped": false
            },
            {
              "title": "Verifica se cada cor individual da paleta de cores possui a `classe` chamada `color`.",
              "fullTitle": "2 - Adicione à página uma paleta de quatro cores distintas. Verifica se cada cor individual da paleta de cores possui a `classe` chamada `color`.",
              "timedOut": null,
              "duration": 131,
              "state": "passed",
              "speed": "slow",
              "pass": true,
              "fail": false,
              "pending": false,
              "context": null,
              "code": "cy.get('.color').should('have.length', 4).then(function (colors) {\n  for (var i = 0; i < colors.length; i++) {\n    cy.wrap(colors[i]).should('be.visible');\n  }\n});",
              "err": {},
              "uuid": "30b1ccd4-d575-4a98-922d-07a3ab9a5f92",
              "parentUUID": "e9a48797-ec01-4fbd-a438-4f9f46929ba7",
              "isHook": false,
              "skipped": false
            },
            {
              "title": "Verifica se a cor de fundo de cada elemento da paleta é a cor que o elemento representa. **A única cor não permitida na paleta é a cor branca.**",
              "fullTitle": "2 - Adicione à página uma paleta de quatro cores distintas. Verifica se a cor de fundo de cada elemento da paleta é a cor que o elemento representa. **A única cor não permitida na paleta é a cor branca.**",
              "timedOut": null,
              "duration": 173,
              "state": "passed",
              "speed": "slow",
              "pass": true,
              "fail": false,
              "pending": false,
              "context": null,
              "code": "cy.get('.color').each(function (color) {\n  cy.wrap(color).should('have.class', 'color').and('not.have.css', 'background-color', WHITE);\n  cy.wrap(color).should('have.css', 'background-color');\n});",
              "err": {},
              "uuid": "c43a1e33-9ed5-468b-9c6c-afc8d67bc501",
              "parentUUID": "e9a48797-ec01-4fbd-a438-4f9f46929ba7",
              "isHook": false,
              "skipped": false
            },
            {
              "title": "Verifica se cada elemento da paleta de cores tem uma borda preta, sólida e com 1 pixel de largura;",
              "fullTitle": "2 - Adicione à página uma paleta de quatro cores distintas. Verifica se cada elemento da paleta de cores tem uma borda preta, sólida e com 1 pixel de largura;",
              "timedOut": null,
              "duration": 133,
              "state": "passed",
              "speed": "slow",
              "pass": true,
              "fail": false,
              "pending": false,
              "context": null,
              "code": "cy.get('.color').each(function (color) {\n  cy.wrap(color).and('have.css', 'border', \"1px solid \".concat(BLACK)).and('have.class', 'color');\n});",
              "err": {},
              "uuid": "3c90e9f4-fac3-4662-9c76-209a20030796",
              "parentUUID": "e9a48797-ec01-4fbd-a438-4f9f46929ba7",
              "isHook": false,
              "skipped": false
            },
            {
              "title": "Verifica se a paleta lista todas as cores disponíveis para utilização, lado a lado.",
              "fullTitle": "2 - Adicione à página uma paleta de quatro cores distintas. Verifica se a paleta lista todas as cores disponíveis para utilização, lado a lado.",
              "timedOut": null,
              "duration": 167,
              "state": "passed",
              "speed": "slow",
              "pass": true,
              "fail": false,
              "pending": false,
              "context": null,
              "code": "cy.get('.color').then(function (colors) {\n  for (var index = 1; index < colors.length; index += 1) {\n    var currentColor = colors[index];\n    var previousColor = colors[index - 1];\n    cy.wrap(currentColor).should('be.onTheRightOf', previousColor).and('be.horizontallyAlignedWith', previousColor);\n  }\n});",
              "err": {},
              "uuid": "698ed8d2-146e-4a0f-bd56-730a49b9bd35",
              "parentUUID": "e9a48797-ec01-4fbd-a438-4f9f46929ba7",
              "isHook": false,
              "skipped": false
            },
            {
              "title": "Verifica se a paleta de cores está posicionada abaixo do título 'Paleta de Cores'",
              "fullTitle": "2 - Adicione à página uma paleta de quatro cores distintas. Verifica se a paleta de cores está posicionada abaixo do título 'Paleta de Cores'",
              "timedOut": null,
              "duration": 95,
              "state": "passed",
              "speed": "slow",
              "pass": true,
              "fail": false,
              "pending": false,
              "context": null,
              "code": "cy.get('h1#title').then(function (title) {\n  cy.get('#color-palette').should('be.belowOf', title);\n});",
              "err": {},
              "uuid": "34d80558-d9c9-4172-b2ac-4a16030fbb5f",
              "parentUUID": "e9a48797-ec01-4fbd-a438-4f9f46929ba7",
              "isHook": false,
              "skipped": false
            },
            {
              "title": "Verifica se a paleta de cores não contém cores repetidas.",
              "fullTitle": "2 - Adicione à página uma paleta de quatro cores distintas. Verifica se a paleta de cores não contém cores repetidas.",
              "timedOut": null,
              "duration": 127,
              "state": "passed",
              "speed": "slow",
              "pass": true,
              "fail": false,
              "pending": false,
              "context": null,
              "code": "cy.get('.color').then(function (colors) {\n  var allColors = Array.from(colors).map(function (color) {\n    return Cypress.$(color).css('background-color');\n  });\n  cy.log(allColors);\n  var uniqColors = (0, _toConsumableArray2[\"default\"])(new Set(allColors));\n  cy.log(uniqColors);\n  expect(allColors.length).to.eq(uniqColors.length);\n});",
              "err": {},
              "uuid": "ca77563a-7b7a-4109-b113-6ba1e0cf13d5",
              "parentUUID": "e9a48797-ec01-4fbd-a438-4f9f46929ba7",
              "isHook": false,
              "skipped": false
            }
          ],
          "suites": [],
          "passes": [
            "d12fc01a-17bb-492f-9ebb-d51cd72c9a5c",
            "30b1ccd4-d575-4a98-922d-07a3ab9a5f92",
            "c43a1e33-9ed5-468b-9c6c-afc8d67bc501",
            "3c90e9f4-fac3-4662-9c76-209a20030796",
            "698ed8d2-146e-4a0f-bd56-730a49b9bd35",
            "34d80558-d9c9-4172-b2ac-4a16030fbb5f",
            "ca77563a-7b7a-4109-b113-6ba1e0cf13d5"
          ],
          "failures": [],
          "pending": [],
          "skipped": [],
          "duration": 965,
          "root": false,
          "rootEmpty": false,
          "_timeout": 2000
        },
        {
          "uuid": "3c40261f-2306-4584-8943-50b9ff1b0b59",
          "title": "3 - Adicione a cor **preta** como a primeira cor da paleta de cores.",
          "fullFile": "",
          "file": "",
          "beforeHooks": [],
          "afterHooks": [],
          "tests": [
            {
              "title": "Verifica se a primeira cor da paleta é preta",
              "fullTitle": "3 - Adicione a cor **preta** como a primeira cor da paleta de cores. Verifica se a primeira cor da paleta é preta",
              "timedOut": null,
              "duration": 95,
              "state": "passed",
              "speed": "slow",
              "pass": true,
              "fail": false,
              "pending": false,
              "context": null,
              "code": "cy.get('.color').first().should('have.css', 'background-color', BLACK);",
              "err": {},
              "uuid": "12da6595-4792-45da-971a-f254e90a3dd1",
              "parentUUID": "3c40261f-2306-4584-8943-50b9ff1b0b59",
              "isHook": false,
              "skipped": false
            },
            {
              "title": "Verifica se as demais cores podem ser escolhidas livremente.",
              "fullTitle": "3 - Adicione a cor **preta** como a primeira cor da paleta de cores. Verifica se as demais cores podem ser escolhidas livremente.",
              "timedOut": null,
              "duration": 188,
              "state": "passed",
              "speed": "slow",
              "pass": true,
              "fail": false,
              "pending": false,
              "context": null,
              "code": "cy.get('.color').eq(1).should('not.have.css', 'background-color', BLACK);\ncy.get('.color').eq(1).should('not.have.css', 'background-color', WHITE);\ncy.get('.color').eq(1).should('not.have.css', 'background-color', 'rgba(0, 0, 0, 0)');\ncy.get('.color').eq(1).should('have.css', 'background-color');\ncy.get('.color').eq(2).should('not.have.css', 'background-color', BLACK);\ncy.get('.color').eq(2).should('not.have.css', 'background-color', WHITE);\ncy.get('.color').eq(2).should('not.have.css', 'background-color', 'rgba(0, 0, 0, 0)');\ncy.get('.color').eq(2).should('have.css', 'background-color');\ncy.get('.color').eq(3).should('not.have.css', 'background-color', BLACK);\ncy.get('.color').eq(3).should('not.have.css', 'background-color', WHITE);\ncy.get('.color').eq(3).should('not.have.css', 'background-color', 'rgba(0, 0, 0, 0)');\ncy.get('.color').eq(3).should('have.css', 'background-color');",
              "err": {},
              "uuid": "d79235e2-aa9c-45ab-9961-32dc7653fbd6",
              "parentUUID": "3c40261f-2306-4584-8943-50b9ff1b0b59",
              "isHook": false,
              "skipped": false
            }
          ],
          "suites": [],
          "passes": [
            "12da6595-4792-45da-971a-f254e90a3dd1",
            "d79235e2-aa9c-45ab-9961-32dc7653fbd6"
          ],
          "failures": [],
          "pending": [],
          "skipped": [],
          "duration": 283,
          "root": false,
          "rootEmpty": false,
          "_timeout": 2000
        },
        {
          "uuid": "5a7f0d11-66d7-4d18-846e-6c8dbcc9034a",
          "title": "4 - Adicione à página um quadro de pixels, com 25 pixels.",
          "fullFile": "",
          "file": "",
          "beforeHooks": [],
          "afterHooks": [],
          "tests": [
            {
              "title": "Verifica se o quadro de pixels possui o `id` denominado `pixel-board`",
              "fullTitle": "4 - Adicione à página um quadro de pixels, com 25 pixels. Verifica se o quadro de pixels possui o `id` denominado `pixel-board`",
              "timedOut": null,
              "duration": 92,
              "state": "passed",
              "speed": "slow",
              "pass": true,
              "fail": false,
              "pending": false,
              "context": null,
              "code": "cy.get('#pixel-board').should('be.visible');",
              "err": {},
              "uuid": "9f61e73c-6308-4c20-a55a-f909223ce62b",
              "parentUUID": "5a7f0d11-66d7-4d18-846e-6c8dbcc9034a",
              "isHook": false,
              "skipped": false
            },
            {
              "title": "Verifica se cada pixel individual dentro do quadro possui a `classe` denominada `pixel`.",
              "fullTitle": "4 - Adicione à página um quadro de pixels, com 25 pixels. Verifica se cada pixel individual dentro do quadro possui a `classe` denominada `pixel`.",
              "timedOut": null,
              "duration": 120,
              "state": "passed",
              "speed": "slow",
              "pass": true,
              "fail": false,
              "pending": false,
              "context": null,
              "code": "cy.get('.pixel').should('have.length', 25);",
              "err": {},
              "uuid": "04ec15db-18df-4649-ba64-33590ed4860e",
              "parentUUID": "5a7f0d11-66d7-4d18-846e-6c8dbcc9034a",
              "isHook": false,
              "skipped": false
            },
            {
              "title": "Verifica se a cor inicial dos pixels dentro do quadro, ao abrir a página, é branca.",
              "fullTitle": "4 - Adicione à página um quadro de pixels, com 25 pixels. Verifica se a cor inicial dos pixels dentro do quadro, ao abrir a página, é branca.",
              "timedOut": null,
              "duration": 173,
              "state": "passed",
              "speed": "slow",
              "pass": true,
              "fail": false,
              "pending": false,
              "context": null,
              "code": "cy.get('.pixel').should('have.length', 25).each(function (pixel) {\n  expect(pixel).to.have.css('background-color', WHITE);\n});",
              "err": {},
              "uuid": "88be12b2-7ec7-4b90-bf3a-467b541a2600",
              "parentUUID": "5a7f0d11-66d7-4d18-846e-6c8dbcc9034a",
              "isHook": false,
              "skipped": false
            },
            {
              "title": "Verifica se o quadro de pixels aparece abaixo da paleta de cores",
              "fullTitle": "4 - Adicione à página um quadro de pixels, com 25 pixels. Verifica se o quadro de pixels aparece abaixo da paleta de cores",
              "timedOut": null,
              "duration": 88,
              "state": "passed",
              "speed": "slow",
              "pass": true,
              "fail": false,
              "pending": false,
              "context": null,
              "code": "cy.get('#color-palette').then(function (palette) {\n  cy.get('#pixel-board').should('be.belowOf', palette);\n});",
              "err": {},
              "uuid": "45a799aa-d17d-457c-bebc-a1c9faf89ab4",
              "parentUUID": "5a7f0d11-66d7-4d18-846e-6c8dbcc9034a",
              "isHook": false,
              "skipped": false
            }
          ],
          "suites": [],
          "passes": [
            "9f61e73c-6308-4c20-a55a-f909223ce62b",
            "04ec15db-18df-4649-ba64-33590ed4860e",
            "88be12b2-7ec7-4b90-bf3a-467b541a2600",
            "45a799aa-d17d-457c-bebc-a1c9faf89ab4"
          ],
          "failures": [],
          "pending": [],
          "skipped": [],
          "duration": 473,
          "root": false,
          "rootEmpty": false,
          "_timeout": 2000
        },
        {
          "uuid": "6fa7e321-d963-437b-a14b-f581a61fab0f",
          "title": "5 - Faça com que cada elemento do quadro de pixels possua 40 pixels de largura, 40 pixels de altura e seja delimitado por uma borda preta de 1 pixel.",
          "fullFile": "",
          "file": "",
          "beforeHooks": [],
          "afterHooks": [],
          "tests": [
            {
              "title": "Verifica se o quadro de pixels tem altura e comprimento de 5 elementos",
              "fullTitle": "5 - Faça com que cada elemento do quadro de pixels possua 40 pixels de largura, 40 pixels de altura e seja delimitado por uma borda preta de 1 pixel. Verifica se o quadro de pixels tem altura e comprimento de 5 elementos",
              "timedOut": null,
              "duration": 283,
              "state": "passed",
              "speed": "slow",
              "pass": true,
              "fail": false,
              "pending": false,
              "context": null,
              "code": "cy.get('.pixel').should('have.length', 25).each(function (pixel) {\n  expect(pixel).to.have.css('background-color', WHITE);\n}).and(function (pixels) {\n  var rows = chunk(pixels, 5);\n  rows.forEach(function (row) {\n    for (var index = 1; index < row.length; index += 1) {\n      var current = pixels[index];\n      var previous = pixels[index - 1];\n      cy.wrap(current).should('be.onTheRightOf', previous).and('be.horizontallyAlignedWith', previous);\n    }\n  });\n  for (var index = 1; index < 5; index += 1) {\n    expect(pixels[index * 5]).to.be.belowOf(pixels[(index - 1) * 5]);\n  }\n});",
              "err": {},
              "uuid": "87f97214-d6a1-42f2-9b53-e5e615603adc",
              "parentUUID": "6fa7e321-d963-437b-a14b-f581a61fab0f",
              "isHook": false,
              "skipped": false
            },
            {
              "title": "Verifica se 40 pixels é o tamanho total do elemento, incluindo seu conteúdo e excluindo a borda preta, que deve ser criada à parte.",
              "fullTitle": "5 - Faça com que cada elemento do quadro de pixels possua 40 pixels de largura, 40 pixels de altura e seja delimitado por uma borda preta de 1 pixel. Verifica se 40 pixels é o tamanho total do elemento, incluindo seu conteúdo e excluindo a borda preta, que deve ser criada à parte.",
              "timedOut": null,
              "duration": 4264,
              "state": "failed",
              "speed": null,
              "pass": false,
              "fail": true,
              "pending": false,
              "context": null,
              "code": "cy.get('.pixel').each(function (pixel) {\n  cy.wrap(pixel).should('have.css', 'height', '40px').and('have.css', 'width', '40px').and('have.css', 'border', \"1px solid \".concat(BLACK));\n});",
              "err": {
                "message": "CypressError: Timed out retrying: expected '<div.pixel>' to have CSS property 'width' with the value '40px', but the value was '38px'",
                "estack": "CypressError: Timed out retrying: expected '<div.pixel>' to have CSS property 'width' with the value '40px', but the value was '38px'\n    at cypressErr (http://localhost:43609/__cypress/runner/cypress_runner.js:149934:9)\n    at throwErr (http://localhost:43609/__cypress/runner/cypress_runner.js:149867:11)\n    at Object.throwErrByPath (http://localhost:43609/__cypress/runner/cypress_runner.js:149915:3)\n    at retry (http://localhost:43609/__cypress/runner/cypress_runner.js:144197:19)\n    at onFailFn (http://localhost:43609/__cypress/runner/cypress_runner.js:132448:16)\n    at tryCatcher (http://localhost:43609/__cypress/runner/cypress_runner.js:167415:23)\n    at Promise._settlePromiseFromHandler (http://localhost:43609/__cypress/runner/cypress_runner.js:165351:31)\n    at Promise._settlePromise (http://localhost:43609/__cypress/runner/cypress_runner.js:165408:18)\n    at Promise._settlePromise0 (http://localhost:43609/__cypress/runner/cypress_runner.js:165453:10)\n    at Promise._settlePromises (http://localhost:43609/__cypress/runner/cypress_runner.js:165528:18)\n    at Async../node_modules/bluebird/js/release/async.js.Async._drainQueue (http://localhost:43609/__cypress/runner/cypress_runner.js:162140:16)\n    at Async../node_modules/bluebird/js/release/async.js.Async._drainQueues (http://localhost:43609/__cypress/runner/cypress_runner.js:162150:10)\n    at Async.drainQueues (http://localhost:43609/__cypress/runner/cypress_runner.js:162024:14)",
                "diff": null
              },
              "uuid": "4301cf10-4e58-4155-8bcc-75ab930a46ca",
              "parentUUID": "6fa7e321-d963-437b-a14b-f581a61fab0f",
              "isHook": false,
              "skipped": false
            }
          ],
          "suites": [],
          "passes": [
            "87f97214-d6a1-42f2-9b53-e5e615603adc"
          ],
          "failures": [
            "4301cf10-4e58-4155-8bcc-75ab930a46ca"
          ],
          "pending": [],
          "skipped": [],
          "duration": 4547,
          "root": false,
          "rootEmpty": false,
          "_timeout": 2000
        },
        {
          "uuid": "1896e58a-b8da-4da5-9cee-0dfc66430024",
          "title": "6 - Defina a cor preta como cor inicial. Ao carregar a página a cor preta já deve estar selecionada para pintar os pixels",
          "fullFile": "",
          "file": "",
          "beforeHooks": [],
          "afterHooks": [],
          "tests": [
            {
              "title": "Verifica se o elemento da cor preta possui, inicialmente, a `classe` `selected`",
              "fullTitle": "6 - Defina a cor preta como cor inicial. Ao carregar a página a cor preta já deve estar selecionada para pintar os pixels Verifica se o elemento da cor preta possui, inicialmente, a `classe` `selected`",
              "timedOut": null,
              "duration": 154,
              "state": "passed",
              "speed": "slow",
              "pass": true,
              "fail": false,
              "pending": false,
              "context": null,
              "code": "cy.get('.selected').first().should('have.css', 'background-color', BLACK);",
              "err": {},
              "uuid": "4baac7db-ff0e-4429-ad02-720a6fc78b0c",
              "parentUUID": "1896e58a-b8da-4da5-9cee-0dfc66430024",
              "isHook": false,
              "skipped": false
            },
            {
              "title": "Verifica se nenhuma outra cor da paleta tem a `classe` `selected`",
              "fullTitle": "6 - Defina a cor preta como cor inicial. Ao carregar a página a cor preta já deve estar selecionada para pintar os pixels Verifica se nenhuma outra cor da paleta tem a `classe` `selected`",
              "timedOut": null,
              "duration": 107,
              "state": "passed",
              "speed": "slow",
              "pass": true,
              "fail": false,
              "pending": false,
              "context": null,
              "code": "cy.get('.color:not(:first-child)').each(function (color) {\n  cy.wrap(color).should('not.have.class', 'selected');\n});",
              "err": {},
              "uuid": "b952578a-97ad-4949-b393-8e94d588844b",
              "parentUUID": "1896e58a-b8da-4da5-9cee-0dfc66430024",
              "isHook": false,
              "skipped": false
            }
          ],
          "suites": [],
          "passes": [
            "4baac7db-ff0e-4429-ad02-720a6fc78b0c",
            "b952578a-97ad-4949-b393-8e94d588844b"
          ],
          "failures": [],
          "pending": [],
          "skipped": [],
          "duration": 261,
          "root": false,
          "rootEmpty": false,
          "_timeout": 2000
        },
        {
          "uuid": "67942715-4379-455c-b052-a6b9b8c6d32f",
          "title": "7 - Clicar em uma das cores da paleta, faz com que ela seja selecionada e utilizada para preencher os pixels no quadro.",
          "fullFile": "",
          "file": "",
          "beforeHooks": [],
          "afterHooks": [],
          "tests": [
            {
              "title": "Verifica se somente uma cor da paleta de cores tem a classe `selected` de cada vez",
              "fullTitle": "7 - Clicar em uma das cores da paleta, faz com que ela seja selecionada e utilizada para preencher os pixels no quadro. Verifica se somente uma cor da paleta de cores tem a classe `selected` de cada vez",
              "timedOut": null,
              "duration": 464,
              "state": "passed",
              "speed": "slow",
              "pass": true,
              "fail": false,
              "pending": false,
              "context": null,
              "code": "cy.get('.color').each(function (selectedColor, selectedColorIndex) {\n  cy.wrap(selectedColor).click();\n  cy.get('.color').each(function (color, colorIndex) {\n    if (colorIndex === selectedColorIndex) {\n      expect(color).to.have[\"class\"]('selected');\n    } else {\n      expect(color).not.to.have[\"class\"]('selected');\n    }\n  });\n});",
              "err": {},
              "uuid": "518f18e2-6d3d-4cea-ad7c-9b20b430ed6c",
              "parentUUID": "67942715-4379-455c-b052-a6b9b8c6d32f",
              "isHook": false,
              "skipped": false
            },
            {
              "title": "Verifica se os pixels dentro do quadro não têm a classe `selected` quando são clicados",
              "fullTitle": "7 - Clicar em uma das cores da paleta, faz com que ela seja selecionada e utilizada para preencher os pixels no quadro. Verifica se os pixels dentro do quadro não têm a classe `selected` quando são clicados",
              "timedOut": null,
              "duration": 8520,
              "state": "passed",
              "speed": "slow",
              "pass": true,
              "fail": false,
              "pending": false,
              "context": null,
              "code": "cy.get('.color').each(function (color) {\n  var backgroundColor = color.css('background-color');\n  cy.wrap(color).click();\n  cy.get('.pixel').each(function (pixel) {\n    cy.wrap(pixel).click().should('not.have.class', 'selected');\n  });\n});",
              "err": {},
              "uuid": "776c9379-522d-4d9a-bc18-e9612bb7f7af",
              "parentUUID": "67942715-4379-455c-b052-a6b9b8c6d32f",
              "isHook": false,
              "skipped": false
            }
          ],
          "suites": [],
          "passes": [
            "518f18e2-6d3d-4cea-ad7c-9b20b430ed6c",
            "776c9379-522d-4d9a-bc18-e9612bb7f7af"
          ],
          "failures": [],
          "pending": [],
          "skipped": [],
          "duration": 8984,
          "root": false,
          "rootEmpty": false,
          "_timeout": 2000
        },
        {
          "uuid": "d9122361-7723-4cb2-8b05-3767d8a45b03",
          "title": "8 - Clicar em um pixel dentro do quadro após selecionar uma cor na paleta, faz com que o pixel seja preenchido com a cor selecionada.",
          "fullFile": "",
          "file": "",
          "beforeHooks": [],
          "afterHooks": [],
          "tests": [
            {
              "title": "Verifica se ao carregar a página deve ser possível pintar os pixels de preto",
              "fullTitle": "8 - Clicar em um pixel dentro do quadro após selecionar uma cor na paleta, faz com que o pixel seja preenchido com a cor selecionada. Verifica se ao carregar a página deve ser possível pintar os pixels de preto",
              "timedOut": null,
              "duration": 2166,
              "state": "passed",
              "speed": "slow",
              "pass": true,
              "fail": false,
              "pending": false,
              "context": null,
              "code": "cy.get('.pixel').each(function (pixel) {\n  cy.wrap(pixel).click().should('have.css', 'background-color', BLACK);\n});",
              "err": {},
              "uuid": "b4b28838-331b-4465-bb97-6e6365d117fd",
              "parentUUID": "d9122361-7723-4cb2-8b05-3767d8a45b03",
              "isHook": false,
              "skipped": false
            },
            {
              "title": "Verifica se após selecionar uma outra cor na paleta, é possível pintar os pixels com essa cor",
              "fullTitle": "8 - Clicar em um pixel dentro do quadro após selecionar uma cor na paleta, faz com que o pixel seja preenchido com a cor selecionada. Verifica se após selecionar uma outra cor na paleta, é possível pintar os pixels com essa cor",
              "timedOut": null,
              "duration": 8475,
              "state": "passed",
              "speed": "slow",
              "pass": true,
              "fail": false,
              "pending": false,
              "context": null,
              "code": "cy.get('.color').each(function (color) {\n  var backgroundColor = color.css('background-color');\n  cy.wrap(color).click();\n  cy.get('.pixel').each(function (pixel) {\n    cy.wrap(pixel).click().should('have.css', 'background-color', backgroundColor);\n  });\n});",
              "err": {},
              "uuid": "1613d6cf-cc9f-4fb7-9010-1404bc33f5c4",
              "parentUUID": "d9122361-7723-4cb2-8b05-3767d8a45b03",
              "isHook": false,
              "skipped": false
            },
            {
              "title": "Verifica se somente o pixel que foi clicado foi preenchido com a cor selecionada, sem influenciar na cor dos demais pixels.",
              "fullTitle": "8 - Clicar em um pixel dentro do quadro após selecionar uma cor na paleta, faz com que o pixel seja preenchido com a cor selecionada. Verifica se somente o pixel que foi clicado foi preenchido com a cor selecionada, sem influenciar na cor dos demais pixels.",
              "timedOut": null,
              "duration": 1310,
              "state": "passed",
              "speed": "slow",
              "pass": true,
              "fail": false,
              "pending": false,
              "context": null,
              "code": "var colorToPixelIndexMap = {\n  0: 6,\n  1: 8,\n  2: 16,\n  3: 18\n};\ncy.get('.color').each(function (color, index) {\n  cy.wrap(color).click();\n  var backgroundColor = color.css('background-color');\n  var clickedPixelIndex = colorToPixelIndexMap[index];\n  cy.get('.pixel').eq(clickedPixelIndex).click();\n  cy.get('.pixel').eq(clickedPixelIndex - 1).should('not.have.css', 'background-color', backgroundColor);\n  cy.get('.pixel').eq(clickedPixelIndex + 1).should('not.have.css', 'background-color', backgroundColor);\n  cy.get('.pixel').eq(clickedPixelIndex - 5).should('not.have.css', 'background-color', backgroundColor);\n  cy.get('.pixel').eq(clickedPixelIndex + 5).should('not.have.css', 'background-color', backgroundColor);\n  cy.get('.pixel').eq(clickedPixelIndex - 6).should('not.have.css', 'background-color', backgroundColor);\n  cy.get('.pixel').eq(clickedPixelIndex - 4).should('not.have.css', 'background-color', backgroundColor);\n  cy.get('.pixel').eq(clickedPixelIndex + 4).should('not.have.css', 'background-color', backgroundColor);\n  cy.get('.pixel').eq(clickedPixelIndex + 6).should('not.have.css', 'background-color', backgroundColor);\n});",
              "err": {},
              "uuid": "e1a14019-f94f-4f5a-ba2c-bc65a8c1fcf5",
              "parentUUID": "d9122361-7723-4cb2-8b05-3767d8a45b03",
              "isHook": false,
              "skipped": false
            }
          ],
          "suites": [],
          "passes": [
            "b4b28838-331b-4465-bb97-6e6365d117fd",
            "1613d6cf-cc9f-4fb7-9010-1404bc33f5c4",
            "e1a14019-f94f-4f5a-ba2c-bc65a8c1fcf5"
          ],
          "failures": [],
          "pending": [],
          "skipped": [],
          "duration": 11951,
          "root": false,
          "rootEmpty": false,
          "_timeout": 2000
        },
        {
          "uuid": "404ae84a-5d89-4e9c-8fcf-9a57e0b75199",
          "title": "9 - Crie um botão que, ao ser clicado, limpa o quadro preenchendo a cor de todos seus pixels com branco.",
          "fullFile": "",
          "file": "",
          "beforeHooks": [],
          "afterHooks": [],
          "tests": [
            {
              "title": "Verifica se o botão tem o `id` denominado `clear-board`",
              "fullTitle": "9 - Crie um botão que, ao ser clicado, limpa o quadro preenchendo a cor de todos seus pixels com branco. Verifica se o botão tem o `id` denominado `clear-board`",
              "timedOut": null,
              "duration": 153,
              "state": "passed",
              "speed": "slow",
              "pass": true,
              "fail": false,
              "pending": false,
              "context": null,
              "code": "cy.get('#clear-board').should('be.visible');",
              "err": {},
              "uuid": "35a7839d-24d2-4a69-bffd-12890e52b958",
              "parentUUID": "404ae84a-5d89-4e9c-8fcf-9a57e0b75199",
              "isHook": false,
              "skipped": false
            },
            {
              "title": "Verifica se o botão está posicionado entre a paleta de cores e o quadro de pixels",
              "fullTitle": "9 - Crie um botão que, ao ser clicado, limpa o quadro preenchendo a cor de todos seus pixels com branco. Verifica se o botão está posicionado entre a paleta de cores e o quadro de pixels",
              "timedOut": null,
              "duration": 100,
              "state": "passed",
              "speed": "slow",
              "pass": true,
              "fail": false,
              "pending": false,
              "context": null,
              "code": "cy.get('#color-palette').then(function (palette) {\n  cy.get('#clear-board').should('be.belowOf', palette);\n});\ncy.get('#clear-board').then(function (clearBtn) {\n  cy.get('#pixel-board').should('be.belowOf', clearBtn);\n});",
              "err": {},
              "uuid": "2de35c15-9aa4-4e25-95f2-d83eec5a4960",
              "parentUUID": "404ae84a-5d89-4e9c-8fcf-9a57e0b75199",
              "isHook": false,
              "skipped": false
            },
            {
              "title": "Verifica se o texto do botão é 'Limpar'",
              "fullTitle": "9 - Crie um botão que, ao ser clicado, limpa o quadro preenchendo a cor de todos seus pixels com branco. Verifica se o texto do botão é 'Limpar'",
              "timedOut": null,
              "duration": 4208,
              "state": "failed",
              "speed": null,
              "pass": false,
              "fail": true,
              "pending": false,
              "context": null,
              "code": "cy.get('#clear-board').should('contain.text', 'Limpar');",
              "err": {
                "message": "CypressError: Timed out retrying: expected '<div#clear-board>' to contain text 'Limpar', but the text was '\\n\\n    clear-board\\n\\n    '",
                "estack": "CypressError: Timed out retrying: expected '<div#clear-board>' to contain text 'Limpar', but the text was '\\n\\n    clear-board\\n\\n    '\n    at cypressErr (http://localhost:43609/__cypress/runner/cypress_runner.js:149934:9)\n    at throwErr (http://localhost:43609/__cypress/runner/cypress_runner.js:149867:11)\n    at Object.throwErrByPath (http://localhost:43609/__cypress/runner/cypress_runner.js:149915:3)\n    at retry (http://localhost:43609/__cypress/runner/cypress_runner.js:144197:19)\n    at onFailFn (http://localhost:43609/__cypress/runner/cypress_runner.js:132448:16)\n    at tryCatcher (http://localhost:43609/__cypress/runner/cypress_runner.js:167415:23)\n    at Promise._settlePromiseFromHandler (http://localhost:43609/__cypress/runner/cypress_runner.js:165351:31)\n    at Promise._settlePromise (http://localhost:43609/__cypress/runner/cypress_runner.js:165408:18)\n    at Promise._settlePromise0 (http://localhost:43609/__cypress/runner/cypress_runner.js:165453:10)\n    at Promise._settlePromises (http://localhost:43609/__cypress/runner/cypress_runner.js:165528:18)\n    at Async../node_modules/bluebird/js/release/async.js.Async._drainQueue (http://localhost:43609/__cypress/runner/cypress_runner.js:162140:16)\n    at Async../node_modules/bluebird/js/release/async.js.Async._drainQueues (http://localhost:43609/__cypress/runner/cypress_runner.js:162150:10)\n    at Async.drainQueues (http://localhost:43609/__cypress/runner/cypress_runner.js:162024:14)",
                "diff": null
              },
              "uuid": "12d7d9bc-6b7b-4ea5-b0e0-0f080a6a46c1",
              "parentUUID": "404ae84a-5d89-4e9c-8fcf-9a57e0b75199",
              "isHook": false,
              "skipped": false
            },
            {
              "title": "Verifica se ao clicar no botão, o quadro de pixels é totalmente preenchido de branco",
              "fullTitle": "9 - Crie um botão que, ao ser clicado, limpa o quadro preenchendo a cor de todos seus pixels com branco. Verifica se ao clicar no botão, o quadro de pixels é totalmente preenchido de branco",
              "timedOut": null,
              "duration": 2410,
              "state": "passed",
              "speed": "slow",
              "pass": true,
              "fail": false,
              "pending": false,
              "context": null,
              "code": "cy.get('.color').eq(1).then(function (color) {\n  var backgroundColor = color.css('background-color');\n  cy.wrap(color).click();\n  cy.get('.pixel').each(function (pixel) {\n    cy.wrap(pixel).click().should('have.css', 'background-color', backgroundColor);\n  });\n});\ncy.get('#clear-board').click();\ncy.get('.pixel').each(function (pixel) {\n  cy.wrap(pixel).should('have.css', 'background-color', WHITE);\n});",
              "err": {},
              "uuid": "3f1533b3-0567-4c92-a42c-eeb0898d8526",
              "parentUUID": "404ae84a-5d89-4e9c-8fcf-9a57e0b75199",
              "isHook": false,
              "skipped": false
            }
          ],
          "suites": [],
          "passes": [
            "35a7839d-24d2-4a69-bffd-12890e52b958",
            "2de35c15-9aa4-4e25-95f2-d83eec5a4960",
            "3f1533b3-0567-4c92-a42c-eeb0898d8526"
          ],
          "failures": [
            "12d7d9bc-6b7b-4ea5-b0e0-0f080a6a46c1"
          ],
          "pending": [],
          "skipped": [],
          "duration": 6871,
          "root": false,
          "rootEmpty": false,
          "_timeout": 2000
        },
        {
          "uuid": "dea72b6d-7bb3-4e22-919d-3dec0f8abc90",
          "title": "10 - Faça o quadro de pixels ter seu tamanho definido pelo usuário.",
          "fullFile": "",
          "file": "",
          "beforeHooks": [],
          "afterHooks": [],
          "tests": [
            {
              "title": "Verifica se existe um input com o id `board-size`",
              "fullTitle": "10 - Faça o quadro de pixels ter seu tamanho definido pelo usuário. Verifica se existe um input com o id `board-size`",
              "timedOut": null,
              "duration": 4325,
              "state": "failed",
              "speed": null,
              "pass": false,
              "fail": true,
              "pending": false,
              "context": null,
              "code": "cy.get('#board-size').should('be.visible');",
              "err": {
                "message": "CypressError: Timed out retrying: Expected to find element: '#board-size', but never found it.",
                "estack": "CypressError: Timed out retrying: Expected to find element: '#board-size', but never found it.\n    at cypressErr (http://localhost:43609/__cypress/runner/cypress_runner.js:149934:9)\n    at throwErr (http://localhost:43609/__cypress/runner/cypress_runner.js:149867:11)\n    at Object.throwErrByPath (http://localhost:43609/__cypress/runner/cypress_runner.js:149915:3)\n    at retry (http://localhost:43609/__cypress/runner/cypress_runner.js:144197:19)\n    at onFailFn (http://localhost:43609/__cypress/runner/cypress_runner.js:132448:16)\n    at tryCatcher (http://localhost:43609/__cypress/runner/cypress_runner.js:167415:23)\n    at Promise._settlePromiseFromHandler (http://localhost:43609/__cypress/runner/cypress_runner.js:165351:31)\n    at Promise._settlePromise (http://localhost:43609/__cypress/runner/cypress_runner.js:165408:18)\n    at Promise._settlePromise0 (http://localhost:43609/__cypress/runner/cypress_runner.js:165453:10)\n    at Promise._settlePromises (http://localhost:43609/__cypress/runner/cypress_runner.js:165528:18)\n    at Async../node_modules/bluebird/js/release/async.js.Async._drainQueue (http://localhost:43609/__cypress/runner/cypress_runner.js:162140:16)\n    at Async../node_modules/bluebird/js/release/async.js.Async._drainQueues (http://localhost:43609/__cypress/runner/cypress_runner.js:162150:10)\n    at Async.drainQueues (http://localhost:43609/__cypress/runner/cypress_runner.js:162024:14)",
                "diff": null
              },
              "uuid": "c89ca9cc-f1b1-4bc0-b1bc-b133a42fa037",
              "parentUUID": "dea72b6d-7bb3-4e22-919d-3dec0f8abc90",
              "isHook": false,
              "skipped": false
            },
            {
              "title": "Verifica se existe um botão com o id `generate-board`",
              "fullTitle": "10 - Faça o quadro de pixels ter seu tamanho definido pelo usuário. Verifica se existe um botão com o id `generate-board`",
              "timedOut": null,
              "duration": 4280,
              "state": "failed",
              "speed": null,
              "pass": false,
              "fail": true,
              "pending": false,
              "context": null,
              "code": "cy.get('#generate-board').should('be.visible');",
              "err": {
                "message": "CypressError: Timed out retrying: Expected to find element: '#generate-board', but never found it.",
                "estack": "CypressError: Timed out retrying: Expected to find element: '#generate-board', but never found it.\n    at cypressErr (http://localhost:43609/__cypress/runner/cypress_runner.js:149934:9)\n    at throwErr (http://localhost:43609/__cypress/runner/cypress_runner.js:149867:11)\n    at Object.throwErrByPath (http://localhost:43609/__cypress/runner/cypress_runner.js:149915:3)\n    at retry (http://localhost:43609/__cypress/runner/cypress_runner.js:144197:19)\n    at onFailFn (http://localhost:43609/__cypress/runner/cypress_runner.js:132448:16)\n    at tryCatcher (http://localhost:43609/__cypress/runner/cypress_runner.js:167415:23)\n    at Promise._settlePromiseFromHandler (http://localhost:43609/__cypress/runner/cypress_runner.js:165351:31)\n    at Promise._settlePromise (http://localhost:43609/__cypress/runner/cypress_runner.js:165408:18)\n    at Promise._settlePromise0 (http://localhost:43609/__cypress/runner/cypress_runner.js:165453:10)\n    at Promise._settlePromises (http://localhost:43609/__cypress/runner/cypress_runner.js:165528:18)\n    at Async../node_modules/bluebird/js/release/async.js.Async._drainQueue (http://localhost:43609/__cypress/runner/cypress_runner.js:162140:16)\n    at Async../node_modules/bluebird/js/release/async.js.Async._drainQueues (http://localhost:43609/__cypress/runner/cypress_runner.js:162150:10)\n    at Async.drainQueues (http://localhost:43609/__cypress/runner/cypress_runner.js:162024:14)",
                "diff": null
              },
              "uuid": "017c6898-3b47-45af-b082-da566dfb6bb6",
              "parentUUID": "dea72b6d-7bb3-4e22-919d-3dec0f8abc90",
              "isHook": false,
              "skipped": false
            },
            {
              "title": "Verifica se o input só aceita número maiores que zero. Essa restrição deve ser feita usando os atributos do elemento `input`",
              "fullTitle": "10 - Faça o quadro de pixels ter seu tamanho definido pelo usuário. Verifica se o input só aceita número maiores que zero. Essa restrição deve ser feita usando os atributos do elemento `input`",
              "timedOut": null,
              "duration": 4272,
              "state": "failed",
              "speed": null,
              "pass": false,
              "fail": true,
              "pending": false,
              "context": null,
              "code": "cy.get('#board-size[type=\\'number\\'][min=\\'1\\']');",
              "err": {
                "message": "CypressError: Timed out retrying: Expected to find element: '#board-size[type='number'][min='1']', but never found it.",
                "estack": "CypressError: Timed out retrying: Expected to find element: '#board-size[type='number'][min='1']', but never found it.\n    at cypressErr (http://localhost:43609/__cypress/runner/cypress_runner.js:149934:9)\n    at throwErr (http://localhost:43609/__cypress/runner/cypress_runner.js:149867:11)\n    at Object.throwErrByPath (http://localhost:43609/__cypress/runner/cypress_runner.js:149915:3)\n    at retry (http://localhost:43609/__cypress/runner/cypress_runner.js:144197:19)\n    at onFailFn (http://localhost:43609/__cypress/runner/cypress_runner.js:132448:16)\n    at tryCatcher (http://localhost:43609/__cypress/runner/cypress_runner.js:167415:23)\n    at Promise._settlePromiseFromHandler (http://localhost:43609/__cypress/runner/cypress_runner.js:165351:31)\n    at Promise._settlePromise (http://localhost:43609/__cypress/runner/cypress_runner.js:165408:18)\n    at Promise._settlePromise0 (http://localhost:43609/__cypress/runner/cypress_runner.js:165453:10)\n    at Promise._settlePromises (http://localhost:43609/__cypress/runner/cypress_runner.js:165528:18)\n    at Async../node_modules/bluebird/js/release/async.js.Async._drainQueue (http://localhost:43609/__cypress/runner/cypress_runner.js:162140:16)\n    at Async../node_modules/bluebird/js/release/async.js.Async._drainQueues (http://localhost:43609/__cypress/runner/cypress_runner.js:162150:10)\n    at Async.drainQueues (http://localhost:43609/__cypress/runner/cypress_runner.js:162024:14)",
                "diff": null
              },
              "uuid": "d53648a1-b9b1-48b7-bd90-7ac992c1e3b2",
              "parentUUID": "dea72b6d-7bb3-4e22-919d-3dec0f8abc90",
              "isHook": false,
              "skipped": false
            },
            {
              "title": "Verifica se o botão contém o texto 'VQV'",
              "fullTitle": "10 - Faça o quadro de pixels ter seu tamanho definido pelo usuário. Verifica se o botão contém o texto 'VQV'",
              "timedOut": null,
              "duration": 4333,
              "state": "failed",
              "speed": null,
              "pass": false,
              "fail": true,
              "pending": false,
              "context": null,
              "code": "cy.get('#generate-board').contains(/vqv/i);",
              "err": {
                "message": "CypressError: Timed out retrying: Expected to find element: '#generate-board', but never found it.",
                "estack": "CypressError: Timed out retrying: Expected to find element: '#generate-board', but never found it.\n    at cypressErr (http://localhost:43609/__cypress/runner/cypress_runner.js:149934:9)\n    at throwErr (http://localhost:43609/__cypress/runner/cypress_runner.js:149867:11)\n    at Object.throwErrByPath (http://localhost:43609/__cypress/runner/cypress_runner.js:149915:3)\n    at retry (http://localhost:43609/__cypress/runner/cypress_runner.js:144197:19)\n    at onFailFn (http://localhost:43609/__cypress/runner/cypress_runner.js:132448:16)\n    at tryCatcher (http://localhost:43609/__cypress/runner/cypress_runner.js:167415:23)\n    at Promise._settlePromiseFromHandler (http://localhost:43609/__cypress/runner/cypress_runner.js:165351:31)\n    at Promise._settlePromise (http://localhost:43609/__cypress/runner/cypress_runner.js:165408:18)\n    at Promise._settlePromise0 (http://localhost:43609/__cypress/runner/cypress_runner.js:165453:10)\n    at Promise._settlePromises (http://localhost:43609/__cypress/runner/cypress_runner.js:165528:18)\n    at Async../node_modules/bluebird/js/release/async.js.Async._drainQueue (http://localhost:43609/__cypress/runner/cypress_runner.js:162140:16)\n    at Async../node_modules/bluebird/js/release/async.js.Async._drainQueues (http://localhost:43609/__cypress/runner/cypress_runner.js:162150:10)\n    at Async.drainQueues (http://localhost:43609/__cypress/runner/cypress_runner.js:162024:14)",
                "diff": null
              },
              "uuid": "d7970c53-ddba-4885-a46b-618be527f2cc",
              "parentUUID": "dea72b6d-7bb3-4e22-919d-3dec0f8abc90",
              "isHook": false,
              "skipped": false
            },
            {
              "title": "Verifica se o input está posicionado entre a paleta de cores e o quadro de pixels",
              "fullTitle": "10 - Faça o quadro de pixels ter seu tamanho definido pelo usuário. Verifica se o input está posicionado entre a paleta de cores e o quadro de pixels",
              "timedOut": null,
              "duration": 4333,
              "state": "failed",
              "speed": null,
              "pass": false,
              "fail": true,
              "pending": false,
              "context": null,
              "code": "cy.get('#color-palette').then(function (palette) {\n  cy.get('#board-size').should('be.belowOf', palette);\n});\ncy.get('#board-size').then(function (palette) {\n  cy.get('#pixel-board').should('be.belowOf', palette);\n});",
              "err": {
                "message": "CypressError: Timed out retrying: Expected to find element: '#board-size', but never found it.",
                "estack": "CypressError: Timed out retrying: Expected to find element: '#board-size', but never found it.\n    at cypressErr (http://localhost:43609/__cypress/runner/cypress_runner.js:149934:9)\n    at throwErr (http://localhost:43609/__cypress/runner/cypress_runner.js:149867:11)\n    at Object.throwErrByPath (http://localhost:43609/__cypress/runner/cypress_runner.js:149915:3)\n    at retry (http://localhost:43609/__cypress/runner/cypress_runner.js:144197:19)\n    at onFailFn (http://localhost:43609/__cypress/runner/cypress_runner.js:132448:16)\n    at tryCatcher (http://localhost:43609/__cypress/runner/cypress_runner.js:167415:23)\n    at Promise._settlePromiseFromHandler (http://localhost:43609/__cypress/runner/cypress_runner.js:165351:31)\n    at Promise._settlePromise (http://localhost:43609/__cypress/runner/cypress_runner.js:165408:18)\n    at Promise._settlePromise0 (http://localhost:43609/__cypress/runner/cypress_runner.js:165453:10)\n    at Promise._settlePromises (http://localhost:43609/__cypress/runner/cypress_runner.js:165528:18)\n    at Async../node_modules/bluebird/js/release/async.js.Async._drainQueue (http://localhost:43609/__cypress/runner/cypress_runner.js:162140:16)\n    at Async../node_modules/bluebird/js/release/async.js.Async._drainQueues (http://localhost:43609/__cypress/runner/cypress_runner.js:162150:10)\n    at Async.drainQueues (http://localhost:43609/__cypress/runner/cypress_runner.js:162024:14)",
                "diff": null
              },
              "uuid": "c03873c1-abf2-4fba-8309-0edbd803ee06",
              "parentUUID": "dea72b6d-7bb3-4e22-919d-3dec0f8abc90",
              "isHook": false,
              "skipped": false
            },
            {
              "title": "Verifica se o botão está posicionado ao lado do input",
              "fullTitle": "10 - Faça o quadro de pixels ter seu tamanho definido pelo usuário. Verifica se o botão está posicionado ao lado do input",
              "timedOut": null,
              "duration": 4264,
              "state": "failed",
              "speed": null,
              "pass": false,
              "fail": true,
              "pending": false,
              "context": null,
              "code": "cy.get('#board-size').then(function (board) {\n  cy.get('#generate-board').should('be.onTheRightOf', board);\n});",
              "err": {
                "message": "CypressError: Timed out retrying: Expected to find element: '#board-size', but never found it.",
                "estack": "CypressError: Timed out retrying: Expected to find element: '#board-size', but never found it.\n    at cypressErr (http://localhost:43609/__cypress/runner/cypress_runner.js:149934:9)\n    at throwErr (http://localhost:43609/__cypress/runner/cypress_runner.js:149867:11)\n    at Object.throwErrByPath (http://localhost:43609/__cypress/runner/cypress_runner.js:149915:3)\n    at retry (http://localhost:43609/__cypress/runner/cypress_runner.js:144197:19)\n    at onFailFn (http://localhost:43609/__cypress/runner/cypress_runner.js:132448:16)\n    at tryCatcher (http://localhost:43609/__cypress/runner/cypress_runner.js:167415:23)\n    at Promise._settlePromiseFromHandler (http://localhost:43609/__cypress/runner/cypress_runner.js:165351:31)\n    at Promise._settlePromise (http://localhost:43609/__cypress/runner/cypress_runner.js:165408:18)\n    at Promise._settlePromise0 (http://localhost:43609/__cypress/runner/cypress_runner.js:165453:10)\n    at Promise._settlePromises (http://localhost:43609/__cypress/runner/cypress_runner.js:165528:18)\n    at Async../node_modules/bluebird/js/release/async.js.Async._drainQueue (http://localhost:43609/__cypress/runner/cypress_runner.js:162140:16)\n    at Async../node_modules/bluebird/js/release/async.js.Async._drainQueues (http://localhost:43609/__cypress/runner/cypress_runner.js:162150:10)\n    at Async.drainQueues (http://localhost:43609/__cypress/runner/cypress_runner.js:162024:14)",
                "diff": null
              },
              "uuid": "03fe3bee-d0c4-4f8d-b10a-b3047736c966",
              "parentUUID": "dea72b6d-7bb3-4e22-919d-3dec0f8abc90",
              "isHook": false,
              "skipped": false
            },
            {
              "title": "Verifica se nenhum valor for colocado no input ao clicar no botão, um `alert` é exibido com o texto: 'Board inválido!'",
              "fullTitle": "10 - Faça o quadro de pixels ter seu tamanho definido pelo usuário. Verifica se nenhum valor for colocado no input ao clicar no botão, um `alert` é exibido com o texto: 'Board inválido!'",
              "timedOut": null,
              "duration": 4354,
              "state": "failed",
              "speed": null,
              "pass": false,
              "fail": true,
              "pending": false,
              "context": null,
              "code": "var alerted = false;\ncy.on('window:alert', function (msg) {\n  return alerted = msg;\n});\ncy.get('#generate-board').click().then(function () {\n  return expect(alerted).to.match(/Board inválido!/i);\n});",
              "err": {
                "message": "CypressError: Timed out retrying: Expected to find element: '#generate-board', but never found it.",
                "estack": "CypressError: Timed out retrying: Expected to find element: '#generate-board', but never found it.\n    at cypressErr (http://localhost:43609/__cypress/runner/cypress_runner.js:149934:9)\n    at throwErr (http://localhost:43609/__cypress/runner/cypress_runner.js:149867:11)\n    at Object.throwErrByPath (http://localhost:43609/__cypress/runner/cypress_runner.js:149915:3)\n    at retry (http://localhost:43609/__cypress/runner/cypress_runner.js:144197:19)\n    at onFailFn (http://localhost:43609/__cypress/runner/cypress_runner.js:132448:16)\n    at tryCatcher (http://localhost:43609/__cypress/runner/cypress_runner.js:167415:23)\n    at Promise._settlePromiseFromHandler (http://localhost:43609/__cypress/runner/cypress_runner.js:165351:31)\n    at Promise._settlePromise (http://localhost:43609/__cypress/runner/cypress_runner.js:165408:18)\n    at Promise._settlePromise0 (http://localhost:43609/__cypress/runner/cypress_runner.js:165453:10)\n    at Promise._settlePromises (http://localhost:43609/__cypress/runner/cypress_runner.js:165528:18)\n    at Async../node_modules/bluebird/js/release/async.js.Async._drainQueue (http://localhost:43609/__cypress/runner/cypress_runner.js:162140:16)\n    at Async../node_modules/bluebird/js/release/async.js.Async._drainQueues (http://localhost:43609/__cypress/runner/cypress_runner.js:162150:10)\n    at Async.drainQueues (http://localhost:43609/__cypress/runner/cypress_runner.js:162024:14)",
                "diff": null
              },
              "uuid": "fd58855c-41dc-435d-bd23-592f8d64baf5",
              "parentUUID": "dea72b6d-7bb3-4e22-919d-3dec0f8abc90",
              "isHook": false,
              "skipped": false
            },
            {
              "title": "Verifica se ao clicar no botão com um valor preenchido, o tamanho do board muda.",
              "fullTitle": "10 - Faça o quadro de pixels ter seu tamanho definido pelo usuário. Verifica se ao clicar no botão com um valor preenchido, o tamanho do board muda.",
              "timedOut": null,
              "duration": 4296,
              "state": "failed",
              "speed": null,
              "pass": false,
              "fail": true,
              "pending": false,
              "context": null,
              "code": "cy.get('#board-size').clear().type(10);\ncy.get('#generate-board').click();\ncy.get('.pixel').should('have.length', 100);",
              "err": {
                "message": "CypressError: Timed out retrying: Expected to find element: '#board-size', but never found it.",
                "estack": "CypressError: Timed out retrying: Expected to find element: '#board-size', but never found it.\n    at cypressErr (http://localhost:43609/__cypress/runner/cypress_runner.js:149934:9)\n    at throwErr (http://localhost:43609/__cypress/runner/cypress_runner.js:149867:11)\n    at Object.throwErrByPath (http://localhost:43609/__cypress/runner/cypress_runner.js:149915:3)\n    at retry (http://localhost:43609/__cypress/runner/cypress_runner.js:144197:19)\n    at onFailFn (http://localhost:43609/__cypress/runner/cypress_runner.js:132448:16)\n    at tryCatcher (http://localhost:43609/__cypress/runner/cypress_runner.js:167415:23)\n    at Promise._settlePromiseFromHandler (http://localhost:43609/__cypress/runner/cypress_runner.js:165351:31)\n    at Promise._settlePromise (http://localhost:43609/__cypress/runner/cypress_runner.js:165408:18)\n    at Promise._settlePromise0 (http://localhost:43609/__cypress/runner/cypress_runner.js:165453:10)\n    at Promise._settlePromises (http://localhost:43609/__cypress/runner/cypress_runner.js:165528:18)\n    at Async../node_modules/bluebird/js/release/async.js.Async._drainQueue (http://localhost:43609/__cypress/runner/cypress_runner.js:162140:16)\n    at Async../node_modules/bluebird/js/release/async.js.Async._drainQueues (http://localhost:43609/__cypress/runner/cypress_runner.js:162150:10)\n    at Async.drainQueues (http://localhost:43609/__cypress/runner/cypress_runner.js:162024:14)",
                "diff": null
              },
              "uuid": "29773f94-d107-4e48-bbff-0391ac4976d4",
              "parentUUID": "dea72b6d-7bb3-4e22-919d-3dec0f8abc90",
              "isHook": false,
              "skipped": false
            },
            {
              "title": "Verifica se o novo quadro tem todos os pixels preenchidos com a cor branca",
              "fullTitle": "10 - Faça o quadro de pixels ter seu tamanho definido pelo usuário. Verifica se o novo quadro tem todos os pixels preenchidos com a cor branca",
              "timedOut": null,
              "duration": 4284,
              "state": "failed",
              "speed": null,
              "pass": false,
              "fail": true,
              "pending": false,
              "context": null,
              "code": "cy.get('#board-size').clear().type(6);\ncy.get('#generate-board').click();\ncy.get('.pixel').should('have.length', 36).each(function (pixel) {\n  expect(pixel).to.have.css('background-color', WHITE);\n});",
              "err": {
                "message": "CypressError: Timed out retrying: Expected to find element: '#board-size', but never found it.",
                "estack": "CypressError: Timed out retrying: Expected to find element: '#board-size', but never found it.\n    at cypressErr (http://localhost:43609/__cypress/runner/cypress_runner.js:149934:9)\n    at throwErr (http://localhost:43609/__cypress/runner/cypress_runner.js:149867:11)\n    at Object.throwErrByPath (http://localhost:43609/__cypress/runner/cypress_runner.js:149915:3)\n    at retry (http://localhost:43609/__cypress/runner/cypress_runner.js:144197:19)\n    at onFailFn (http://localhost:43609/__cypress/runner/cypress_runner.js:132448:16)\n    at tryCatcher (http://localhost:43609/__cypress/runner/cypress_runner.js:167415:23)\n    at Promise._settlePromiseFromHandler (http://localhost:43609/__cypress/runner/cypress_runner.js:165351:31)\n    at Promise._settlePromise (http://localhost:43609/__cypress/runner/cypress_runner.js:165408:18)\n    at Promise._settlePromise0 (http://localhost:43609/__cypress/runner/cypress_runner.js:165453:10)\n    at Promise._settlePromises (http://localhost:43609/__cypress/runner/cypress_runner.js:165528:18)\n    at Async../node_modules/bluebird/js/release/async.js.Async._drainQueue (http://localhost:43609/__cypress/runner/cypress_runner.js:162140:16)\n    at Async../node_modules/bluebird/js/release/async.js.Async._drainQueues (http://localhost:43609/__cypress/runner/cypress_runner.js:162150:10)\n    at Async.drainQueues (http://localhost:43609/__cypress/runner/cypress_runner.js:162024:14)",
                "diff": null
              },
              "uuid": "b0c86fbc-58f3-4762-bf5a-0dfbe704671d",
              "parentUUID": "dea72b6d-7bb3-4e22-919d-3dec0f8abc90",
              "isHook": false,
              "skipped": false
            }
          ],
          "suites": [],
          "passes": [],
          "failures": [
            "c89ca9cc-f1b1-4bc0-b1bc-b133a42fa037",
            "017c6898-3b47-45af-b082-da566dfb6bb6",
            "d53648a1-b9b1-48b7-bd90-7ac992c1e3b2",
            "d7970c53-ddba-4885-a46b-618be527f2cc",
            "c03873c1-abf2-4fba-8309-0edbd803ee06",
            "03fe3bee-d0c4-4f8d-b10a-b3047736c966",
            "fd58855c-41dc-435d-bd23-592f8d64baf5",
            "29773f94-d107-4e48-bbff-0391ac4976d4",
            "b0c86fbc-58f3-4762-bf5a-0dfbe704671d"
          ],
          "pending": [],
          "skipped": [],
          "duration": 38741,
          "root": false,
          "rootEmpty": false,
          "_timeout": 2000
        },
        {
          "uuid": "7daf9710-6159-4056-ae6f-c8b9ee2bc3d5",
          "title": "11 - Limite o tamanho mínimo e máximo do board.",
          "fullFile": "",
          "file": "",
          "beforeHooks": [],
          "afterHooks": [],
          "tests": [
            {
              "title": "Verifica se a altura máxima do board é 50",
              "fullTitle": "11 - Limite o tamanho mínimo e máximo do board. Verifica se a altura máxima do board é 50",
              "timedOut": null,
              "duration": 4401,
              "state": "failed",
              "speed": null,
              "pass": false,
              "fail": true,
              "pending": false,
              "context": null,
              "code": "cy.get('#board-size').clear().type(50);\ncy.get('#generate-board').click();\ncy.get('.pixel').should('have.length', 2500);",
              "err": {
                "message": "CypressError: Timed out retrying: Expected to find element: '#board-size', but never found it.",
                "estack": "CypressError: Timed out retrying: Expected to find element: '#board-size', but never found it.\n    at cypressErr (http://localhost:43609/__cypress/runner/cypress_runner.js:149934:9)\n    at throwErr (http://localhost:43609/__cypress/runner/cypress_runner.js:149867:11)\n    at Object.throwErrByPath (http://localhost:43609/__cypress/runner/cypress_runner.js:149915:3)\n    at retry (http://localhost:43609/__cypress/runner/cypress_runner.js:144197:19)\n    at onFailFn (http://localhost:43609/__cypress/runner/cypress_runner.js:132448:16)\n    at tryCatcher (http://localhost:43609/__cypress/runner/cypress_runner.js:167415:23)\n    at Promise._settlePromiseFromHandler (http://localhost:43609/__cypress/runner/cypress_runner.js:165351:31)\n    at Promise._settlePromise (http://localhost:43609/__cypress/runner/cypress_runner.js:165408:18)\n    at Promise._settlePromise0 (http://localhost:43609/__cypress/runner/cypress_runner.js:165453:10)\n    at Promise._settlePromises (http://localhost:43609/__cypress/runner/cypress_runner.js:165528:18)\n    at Async../node_modules/bluebird/js/release/async.js.Async._drainQueue (http://localhost:43609/__cypress/runner/cypress_runner.js:162140:16)\n    at Async../node_modules/bluebird/js/release/async.js.Async._drainQueues (http://localhost:43609/__cypress/runner/cypress_runner.js:162150:10)\n    at Async.drainQueues (http://localhost:43609/__cypress/runner/cypress_runner.js:162024:14)",
                "diff": null
              },
              "uuid": "81a4ca99-a673-498b-8fc9-27f19e0e6a2e",
              "parentUUID": "7daf9710-6159-4056-ae6f-c8b9ee2bc3d5",
              "isHook": false,
              "skipped": false
            },
            {
              "title": "Verifica se a altura do board é 5 quando um valor menor é colocado no input",
              "fullTitle": "11 - Limite o tamanho mínimo e máximo do board. Verifica se a altura do board é 5 quando um valor menor é colocado no input",
              "timedOut": null,
              "duration": 4290,
              "state": "failed",
              "speed": null,
              "pass": false,
              "fail": true,
              "pending": false,
              "context": null,
              "code": "cy.get('#board-size').clear().type(4);\ncy.get('#generate-board').click();\ncy.get('.pixel').should('have.length', 25);",
              "err": {
                "message": "CypressError: Timed out retrying: Expected to find element: '#board-size', but never found it.",
                "estack": "CypressError: Timed out retrying: Expected to find element: '#board-size', but never found it.\n    at cypressErr (http://localhost:43609/__cypress/runner/cypress_runner.js:149934:9)\n    at throwErr (http://localhost:43609/__cypress/runner/cypress_runner.js:149867:11)\n    at Object.throwErrByPath (http://localhost:43609/__cypress/runner/cypress_runner.js:149915:3)\n    at retry (http://localhost:43609/__cypress/runner/cypress_runner.js:144197:19)\n    at onFailFn (http://localhost:43609/__cypress/runner/cypress_runner.js:132448:16)\n    at tryCatcher (http://localhost:43609/__cypress/runner/cypress_runner.js:167415:23)\n    at Promise._settlePromiseFromHandler (http://localhost:43609/__cypress/runner/cypress_runner.js:165351:31)\n    at Promise._settlePromise (http://localhost:43609/__cypress/runner/cypress_runner.js:165408:18)\n    at Promise._settlePromise0 (http://localhost:43609/__cypress/runner/cypress_runner.js:165453:10)\n    at Promise._settlePromises (http://localhost:43609/__cypress/runner/cypress_runner.js:165528:18)\n    at Async../node_modules/bluebird/js/release/async.js.Async._drainQueue (http://localhost:43609/__cypress/runner/cypress_runner.js:162140:16)\n    at Async../node_modules/bluebird/js/release/async.js.Async._drainQueues (http://localhost:43609/__cypress/runner/cypress_runner.js:162150:10)\n    at Async.drainQueues (http://localhost:43609/__cypress/runner/cypress_runner.js:162024:14)",
                "diff": null
              },
              "uuid": "c5644bf3-5ab8-48f8-befe-25ae1d7a6fa0",
              "parentUUID": "7daf9710-6159-4056-ae6f-c8b9ee2bc3d5",
              "isHook": false,
              "skipped": false
            },
            {
              "title": "Verifica se a altura do board é 50 quando um valor maior é colocado no input",
              "fullTitle": "11 - Limite o tamanho mínimo e máximo do board. Verifica se a altura do board é 50 quando um valor maior é colocado no input",
              "timedOut": null,
              "duration": 4423,
              "state": "failed",
              "speed": null,
              "pass": false,
              "fail": true,
              "pending": false,
              "context": null,
              "code": "cy.get('#board-size').clear().type(51);\ncy.get('#generate-board').click();\ncy.get('.pixel').should('have.length', 2500);",
              "err": {
                "message": "CypressError: Timed out retrying: Expected to find element: '#board-size', but never found it.",
                "estack": "CypressError: Timed out retrying: Expected to find element: '#board-size', but never found it.\n    at cypressErr (http://localhost:43609/__cypress/runner/cypress_runner.js:149934:9)\n    at throwErr (http://localhost:43609/__cypress/runner/cypress_runner.js:149867:11)\n    at Object.throwErrByPath (http://localhost:43609/__cypress/runner/cypress_runner.js:149915:3)\n    at retry (http://localhost:43609/__cypress/runner/cypress_runner.js:144197:19)\n    at onFailFn (http://localhost:43609/__cypress/runner/cypress_runner.js:132448:16)\n    at tryCatcher (http://localhost:43609/__cypress/runner/cypress_runner.js:167415:23)\n    at Promise._settlePromiseFromHandler (http://localhost:43609/__cypress/runner/cypress_runner.js:165351:31)\n    at Promise._settlePromise (http://localhost:43609/__cypress/runner/cypress_runner.js:165408:18)\n    at Promise._settlePromise0 (http://localhost:43609/__cypress/runner/cypress_runner.js:165453:10)\n    at Promise._settlePromises (http://localhost:43609/__cypress/runner/cypress_runner.js:165528:18)\n    at Async../node_modules/bluebird/js/release/async.js.Async._drainQueue (http://localhost:43609/__cypress/runner/cypress_runner.js:162140:16)\n    at Async../node_modules/bluebird/js/release/async.js.Async._drainQueues (http://localhost:43609/__cypress/runner/cypress_runner.js:162150:10)\n    at Async.drainQueues (http://localhost:43609/__cypress/runner/cypress_runner.js:162024:14)",
                "diff": null
              },
              "uuid": "03864eb2-fb5a-4f07-9380-beceea4d2f74",
              "parentUUID": "7daf9710-6159-4056-ae6f-c8b9ee2bc3d5",
              "isHook": false,
              "skipped": false
            }
          ],
          "suites": [],
          "passes": [],
          "failures": [
            "81a4ca99-a673-498b-8fc9-27f19e0e6a2e",
            "c5644bf3-5ab8-48f8-befe-25ae1d7a6fa0",
            "03864eb2-fb5a-4f07-9380-beceea4d2f74"
          ],
          "pending": [],
          "skipped": [],
          "duration": 13114,
          "root": false,
          "rootEmpty": false,
          "_timeout": 2000
        },
        {
          "uuid": "fdd4ac7c-e69f-467c-abb0-772df93aadc6",
          "title": "12 - Faça com que as cores da paleta sejam geradas aleatoriamente ao carregar a página.",
          "fullFile": "",
          "file": "",
          "beforeHooks": [],
          "afterHooks": [],
          "tests": [
            {
              "title": "Verifica se as cores geradas na paleta são diferentes a cada carregamento da página",
              "fullTitle": "12 - Faça com que as cores da paleta sejam geradas aleatoriamente ao carregar a página. Verifica se as cores geradas na paleta são diferentes a cada carregamento da página",
              "timedOut": null,
              "duration": 403,
              "state": "failed",
              "speed": null,
              "pass": false,
              "fail": true,
              "pending": false,
              "context": null,
              "code": "cy.get('.color').then(function (colors) {\n  var currentColors;\n  var previousColors;\n  previousColors = Array.from(colors).map(function (color) {\n    return Cypress.$(color).css('background-color');\n  });\n  for (var i = 0; i < 5; i += 1) {\n    cy.reload();\n    cy.get('.color').then(function (colors) {\n      currentColors = Array.from(colors).map(function (color) {\n        return Cypress.$(color).css('background-color');\n      });\n      expect(currentColors).not.to.deep.equal(previousColors);\n      previousColors = currentColors;\n    });\n  }\n});",
              "err": {
                "message": "AssertionError: expected [ Array(4) ] to not deeply equal [ Array(4) ]",
                "estack": "AssertionError: expected [ Array(4) ] to not deeply equal [ Array(4) ]\n    at getRet (http://localhost:43609/__cypress/runner/cypress_runner.js:136585:16)\n    at tryCatcher (http://localhost:43609/__cypress/runner/cypress_runner.js:167415:23)\n    at Function.Promise.attempt.Promise.try (http://localhost:43609/__cypress/runner/cypress_runner.js:164690:29)\n    at Context.thenFn (http://localhost:43609/__cypress/runner/cypress_runner.js:136599:23)\n    at Context.then (http://localhost:43609/__cypress/runner/cypress_runner.js:136971:21)\n    at Context.<anonymous> (http://localhost:43609/__cypress/runner/cypress_runner.js:148875:21)\n    at http://localhost:43609/__cypress/runner/cypress_runner.js:148351:33\n    at tryCatcher (http://localhost:43609/__cypress/runner/cypress_runner.js:167415:23)\n    at Promise._settlePromiseFromHandler (http://localhost:43609/__cypress/runner/cypress_runner.js:165351:31)\n    at Promise._settlePromise (http://localhost:43609/__cypress/runner/cypress_runner.js:165408:18)\n    at Promise._settlePromiseCtx (http://localhost:43609/__cypress/runner/cypress_runner.js:165445:10)\n    at Async../node_modules/bluebird/js/release/async.js.Async._drainQueue (http://localhost:43609/__cypress/runner/cypress_runner.js:162145:12)\n    at Async../node_modules/bluebird/js/release/async.js.Async._drainQueues (http://localhost:43609/__cypress/runner/cypress_runner.js:162150:10)\n    at Async.drainQueues (http://localhost:43609/__cypress/runner/cypress_runner.js:162024:14)",
                "diff": ""
              },
              "uuid": "65eca274-89ec-4e0e-a988-383e279d90e3",
              "parentUUID": "fdd4ac7c-e69f-467c-abb0-772df93aadc6",
              "isHook": false,
              "skipped": false
            },
            {
              "title": "Verifica se a cor preta ainda está presente e é a primeira na sua paleta de cores",
              "fullTitle": "12 - Faça com que as cores da paleta sejam geradas aleatoriamente ao carregar a página. Verifica se a cor preta ainda está presente e é a primeira na sua paleta de cores",
              "timedOut": null,
              "duration": 387,
              "state": "failed",
              "speed": null,
              "pass": false,
              "fail": true,
              "pending": false,
              "context": null,
              "code": "cy.get('.color').then(function (colors) {\n  var currentColors;\n  var previousColors;\n  previousColors = Array.from(colors).map(function (color) {\n    return Cypress.$(color).css('background-color');\n  });\n  expect(previousColors[0]).to.eq(BLACK);\n  for (var i = 0; i < 5; i += 1) {\n    cy.reload();\n    cy.get('.color').then(function (colors) {\n      currentColors = Array.from(colors).map(function (color) {\n        return Cypress.$(color).css('background-color');\n      });\n      expect(currentColors[0]).to.eq(BLACK);\n      expect(currentColors).not.to.deep.equal(previousColors);\n      previousColors = currentColors;\n    });\n  }\n});",
              "err": {
                "message": "AssertionError: expected [ Array(4) ] to not deeply equal [ Array(4) ]",
                "estack": "AssertionError: expected [ Array(4) ] to not deeply equal [ Array(4) ]\n    at getRet (http://localhost:43609/__cypress/runner/cypress_runner.js:136585:16)\n    at tryCatcher (http://localhost:43609/__cypress/runner/cypress_runner.js:167415:23)\n    at Function.Promise.attempt.Promise.try (http://localhost:43609/__cypress/runner/cypress_runner.js:164690:29)\n    at Context.thenFn (http://localhost:43609/__cypress/runner/cypress_runner.js:136599:23)\n    at Context.then (http://localhost:43609/__cypress/runner/cypress_runner.js:136971:21)\n    at Context.<anonymous> (http://localhost:43609/__cypress/runner/cypress_runner.js:148875:21)\n    at http://localhost:43609/__cypress/runner/cypress_runner.js:148351:33\n    at tryCatcher (http://localhost:43609/__cypress/runner/cypress_runner.js:167415:23)\n    at Promise._settlePromiseFromHandler (http://localhost:43609/__cypress/runner/cypress_runner.js:165351:31)\n    at Promise._settlePromise (http://localhost:43609/__cypress/runner/cypress_runner.js:165408:18)\n    at Promise._settlePromiseCtx (http://localhost:43609/__cypress/runner/cypress_runner.js:165445:10)\n    at Async../node_modules/bluebird/js/release/async.js.Async._drainQueue (http://localhost:43609/__cypress/runner/cypress_runner.js:162145:12)\n    at Async../node_modules/bluebird/js/release/async.js.Async._drainQueues (http://localhost:43609/__cypress/runner/cypress_runner.js:162150:10)\n    at Async.drainQueues (http://localhost:43609/__cypress/runner/cypress_runner.js:162024:14)",
                "diff": ""
              },
              "uuid": "0f021e1e-7280-4489-b0cb-84468df25b41",
              "parentUUID": "fdd4ac7c-e69f-467c-abb0-772df93aadc6",
              "isHook": false,
              "skipped": false
            }
          ],
          "suites": [],
          "passes": [],
          "failures": [
            "65eca274-89ec-4e0e-a988-383e279d90e3",
            "0f021e1e-7280-4489-b0cb-84468df25b41"
          ],
          "pending": [],
          "skipped": [],
          "duration": 790,
          "root": false,
          "rootEmpty": false,
          "_timeout": 2000
        }
      ],
      "passes": [],
      "failures": [],
      "pending": [],
      "skipped": [],
      "duration": 0,
      "root": true,
      "rootEmpty": true,
      "_timeout": 2000
    }
  ],
  "meta": {
    "mocha": {
      "version": "7.0.1"
    },
    "mochawesome": {
      "options": {
        "quiet": false,
        "reportFilename": "mochawesome",
        "saveHtml": false,
        "saveJson": true,
        "consoleReporter": "spec",
        "useInlineDiffs": false
      },
      "version": "4.1.0"
    },
    "marge": {
      "options": {
        "id": "default",
        "reportDir": "cypress/reports",
        "overwrite": true,
        "html": false,
        "json": true
      },
      "version": "4.1.0"
    }
  }
}